1693984039643	geckodriver	INFO	Listening on 127.0.0.1:53822
1693984042713	mozrunner::runner	INFO	Running command: "C:\\Program Files (x86)\\Mozilla Firefox\\firefox.exe" "--marionette" "--remote-debugging-port" "53823" "--remote-allow-hosts" "localhost" "-no-remote" "-profile" "C:\\Users\\khiray\\AppData\\Local\\Temp\\rust_mozprofileU93aZA"
console.warn: services.settings: Ignoring preference override of remote settings server
console.warn: services.settings: Allow by setting MOZ_REMOTE_SETTINGS_DEVTOOLS=1 in the environment
1693984043227	Marionette	INFO	Marionette enabled
Dynamically enable window occlusion 0
1693984043347	Marionette	INFO	Listening on port 53839
WebDriver BiDi listening on ws://127.0.0.1:53823
Read port: 53839
1693984043526	RemoteAgent	WARN	TLS certificate errors will be ignored for this session
DevTools listening on ws://127.0.0.1:53823/devtools/browser/24863d75-bb54-4e88-905e-65a9b82802be
1693984059975	Marionette	INFO	Stopped listening on port 53839
Dynamically enable window occlusion 1
1693985168492	geckodriver	INFO	Listening on 127.0.0.1:55191
1693985171548	mozrunner::runner	INFO	Running command: "C:\\Program Files (x86)\\Mozilla Firefox\\firefox.exe" "--marionette" "--remote-debugging-port" "55192" "--remote-allow-hosts" "localhost" "-no-remote" "-profile" "C:\\Users\\khiray\\AppData\\Local\\Temp\\rust_mozprofilebLl1Y8"
console.warn: services.settings: Ignoring preference override of remote settings server
console.warn: services.settings: Allow by setting MOZ_REMOTE_SETTINGS_DEVTOOLS=1 in the environment
1693985172191	Marionette	INFO	Marionette enabled
Dynamically enable window occlusion 0
1693985172372	Marionette	INFO	Listening on port 55206
WebDriver BiDi listening on ws://127.0.0.1:55192
Read port: 55206
1693985172615	RemoteAgent	WARN	TLS certificate errors will be ignored for this session
DevTools listening on ws://127.0.0.1:55192/devtools/browser/7b9a4ea3-65d8-4c95-8949-dde59de56289
1693985190428	Marionette	INFO	Stopped listening on port 55206
Dynamically enable window occlusion 1
console.error: (new Error("Data is not ready.", "resource://gre/modules/JSONFile.sys.mjs", 178))
1693986353662	geckodriver	INFO	Listening on 127.0.0.1:57142
1693986356715	mozrunner::runner	INFO	Running command: "C:\\Program Files (x86)\\Mozilla Firefox\\firefox.exe" "--marionette" "--remote-debugging-port" "57143" "--remote-allow-hosts" "localhost" "-no-remote" "-profile" "C:\\Users\\khiray\\AppData\\Local\\Temp\\rust_mozprofile0epAc3"
console.warn: services.settings: Ignoring preference override of remote settings server
console.warn: services.settings: Allow by setting MOZ_REMOTE_SETTINGS_DEVTOOLS=1 in the environment
1693986357240	Marionette	INFO	Marionette enabled
Dynamically enable window occlusion 0
1693986357372	Marionette	INFO	Listening on port 57156
WebDriver BiDi listening on ws://127.0.0.1:57143
Read port: 57156
1693986357560	RemoteAgent	WARN	TLS certificate errors will be ignored for this session
DevTools listening on ws://127.0.0.1:57143/devtools/browser/051f5118-df04-4d92-ae09-660764922ddf
1693986374080	Marionette	INFO	Stopped listening on port 57156
Dynamically enable window occlusion 1
1693986718454	geckodriver	INFO	Listening on 127.0.0.1:57719
1693986721483	mozrunner::runner	INFO	Running command: "C:\\Program Files (x86)\\Mozilla Firefox\\firefox.exe" "--marionette" "--remote-debugging-port" "57720" "--remote-allow-hosts" "localhost" "-no-remote" "-profile" "C:\\Users\\khiray\\AppData\\Local\\Temp\\rust_mozprofile4PKYeT"
console.warn: services.settings: Ignoring preference override of remote settings server
console.warn: services.settings: Allow by setting MOZ_REMOTE_SETTINGS_DEVTOOLS=1 in the environment
1693986722206	Marionette	INFO	Marionette enabled
Dynamically enable window occlusion 0
1693986722444	Marionette	INFO	Listening on port 57742
WebDriver BiDi listening on ws://127.0.0.1:57720
Read port: 57742
1693986722736	RemoteAgent	WARN	TLS certificate errors will be ignored for this session
DevTools listening on ws://127.0.0.1:57720/devtools/browser/220f5af2-1b0f-46e1-83d2-beaf8c684c65
Marionette threw an error: TypeError: browsingContext.currentWindowGlobal is null
getMarionetteCommandsActorProxy/get/<@chrome://remote/content/marionette/actors/MarionetteCommandsParent.sys.mjs:352:17
observe@resource://gre/modules/AsyncShutdown.sys.mjs:573:17

console.error: "Marionette threw an error: TypeError: browsingContext.currentWindowGlobal is null\ngetMarionetteCommandsActorProxy/get/<@chrome://remote/content/marionette/actors/MarionetteCommandsParent.sys.mjs:352:17\nobserve@resource://gre/modules/AsyncShutdown.sys.mjs:573:17\n"
1693986740303	Marionette	INFO	Stopped listening on port 57742
Dynamically enable window occlusion 1
1693986797453	geckodriver	INFO	Listening on 127.0.0.1:57885
1693986800505	mozrunner::runner	INFO	Running command: "C:\\Program Files (x86)\\Mozilla Firefox\\firefox.exe" "--marionette" "--remote-debugging-port" "57886" "--remote-allow-hosts" "localhost" "-no-remote" "-profile" "C:\\Users\\khiray\\AppData\\Local\\Temp\\rust_mozprofileOxdKYO"
console.warn: services.settings: Ignoring preference override of remote settings server
console.warn: services.settings: Allow by setting MOZ_REMOTE_SETTINGS_DEVTOOLS=1 in the environment
1693986801001	Marionette	INFO	Marionette enabled
Dynamically enable window occlusion 0
1693986801113	Marionette	INFO	Listening on port 57899
WebDriver BiDi listening on ws://127.0.0.1:57886
Read port: 57899
1693986801287	RemoteAgent	WARN	TLS certificate errors will be ignored for this session
DevTools listening on ws://127.0.0.1:57886/devtools/browser/0e85d401-f21d-4d59-bfd5-a362a750667c
Marionette threw an error: TypeError: browsingContext.currentWindowGlobal is null
getMarionetteCommandsActorProxy/get/<@chrome://remote/content/marionette/actors/MarionetteCommandsParent.sys.mjs:352:17
observe@resource://gre/modules/AsyncShutdown.sys.mjs:573:17

console.error: "Marionette threw an error: TypeError: browsingContext.currentWindowGlobal is null\ngetMarionetteCommandsActorProxy/get/<@chrome://remote/content/marionette/actors/MarionetteCommandsParent.sys.mjs:352:17\nobserve@resource://gre/modules/AsyncShutdown.sys.mjs:573:17\n"
1693986817282	Marionette	INFO	Stopped listening on port 57899
Dynamically enable window occlusion 1
1693986975126	geckodriver	INFO	Listening on 127.0.0.1:58227
1693986978161	mozrunner::runner	INFO	Running command: "C:\\Program Files (x86)\\Mozilla Firefox\\firefox.exe" "--marionette" "--remote-debugging-port" "58228" "--remote-allow-hosts" "localhost" "-no-remote" "-profile" "C:\\Users\\khiray\\AppData\\Local\\Temp\\rust_mozprofilen9YeE7"
console.warn: services.settings: Ignoring preference override of remote settings server
console.warn: services.settings: Allow by setting MOZ_REMOTE_SETTINGS_DEVTOOLS=1 in the environment
1693986978705	Marionette	INFO	Marionette enabled
Dynamically enable window occlusion 0
1693986978828	Marionette	INFO	Listening on port 58240
WebDriver BiDi listening on ws://127.0.0.1:58228
Read port: 58240
1693986979025	RemoteAgent	WARN	TLS certificate errors will be ignored for this session
DevTools listening on ws://127.0.0.1:58228/devtools/browser/d31b0406-52b3-49b7-97ae-1f3ed2fb52ac
Marionette threw an error: TypeError: browsingContext.currentWindowGlobal is null
getMarionetteCommandsActorProxy/get/<@chrome://remote/content/marionette/actors/MarionetteCommandsParent.sys.mjs:352:17
observe@resource://gre/modules/AsyncShutdown.sys.mjs:573:17

console.error: "Marionette threw an error: TypeError: browsingContext.currentWindowGlobal is null\ngetMarionetteCommandsActorProxy/get/<@chrome://remote/content/marionette/actors/MarionetteCommandsParent.sys.mjs:352:17\nobserve@resource://gre/modules/AsyncShutdown.sys.mjs:573:17\n"
1693986996680	Marionette	INFO	Stopped listening on port 58240
Dynamically enable window occlusion 1
1693987058383	geckodriver	INFO	Listening on 127.0.0.1:58392
1693987061427	mozrunner::runner	INFO	Running command: "C:\\Program Files (x86)\\Mozilla Firefox\\firefox.exe" "--marionette" "--remote-debugging-port" "58393" "--remote-allow-hosts" "localhost" "-no-remote" "-profile" "C:\\Users\\khiray\\AppData\\Local\\Temp\\rust_mozprofilehjhh7G"
console.warn: services.settings: Ignoring preference override of remote settings server
console.warn: services.settings: Allow by setting MOZ_REMOTE_SETTINGS_DEVTOOLS=1 in the environment
1693987061951	Marionette	INFO	Marionette enabled
Dynamically enable window occlusion 0
1693987062087	Marionette	INFO	Listening on port 58404
WebDriver BiDi listening on ws://127.0.0.1:58393
Read port: 58404
1693987062271	RemoteAgent	WARN	TLS certificate errors will be ignored for this session
DevTools listening on ws://127.0.0.1:58393/devtools/browser/a4b26aca-fa8c-41ca-b2f3-bef7cbc89c40
Marionette threw an error: TypeError: browsingContext.currentWindowGlobal is null
getMarionetteCommandsActorProxy/get/<@chrome://remote/content/marionette/actors/MarionetteCommandsParent.sys.mjs:352:17
observe@resource://gre/modules/AsyncShutdown.sys.mjs:573:17

console.error: "Marionette threw an error: TypeError: browsingContext.currentWindowGlobal is null\ngetMarionetteCommandsActorProxy/get/<@chrome://remote/content/marionette/actors/MarionetteCommandsParent.sys.mjs:352:17\nobserve@resource://gre/modules/AsyncShutdown.sys.mjs:573:17\n"
1693987077815	Marionette	INFO	Stopped listening on port 58404
Dynamically enable window occlusion 1
1694064269876	geckodriver	INFO	Listening on 127.0.0.1:52610
1694064272908	mozrunner::runner	INFO	Running command: "C:\\Program Files (x86)\\Mozilla Firefox\\firefox.exe" "--marionette" "--remote-debugging-port" "52611" "--remote-allow-hosts" "localhost" "-no-remote" "-profile" "C:\\Users\\khiray\\AppData\\Local\\Temp\\rust_mozprofileYeggiA"
console.warn: services.settings: Ignoring preference override of remote settings server
console.warn: services.settings: Allow by setting MOZ_REMOTE_SETTINGS_DEVTOOLS=1 in the environment
1694064274146	Marionette	INFO	Marionette enabled
Dynamically enable window occlusion 0
1694064274310	Marionette	INFO	Listening on port 52626
WebDriver BiDi listening on ws://127.0.0.1:52611
Read port: 52626
1694064274498	RemoteAgent	WARN	TLS certificate errors will be ignored for this session
DevTools listening on ws://127.0.0.1:52611/devtools/browser/c18d6882-fa51-4343-a350-009b57d82d9d
console.error: ({})
JavaScript warning: https://pagead2.googlesyndication.com/bg/Uw2xNewqLMvs4rZz24Xmy1GvWBTM7qWVeNEZF5moV5c.js line 2 > eval line 4117 > eval line 1 > eval line 1 > eval, line 1: WEBGL_debug_renderer_info is deprecated in Firefox and will be removed. Please use RENDERER.
1694064293466	Marionette	INFO	Stopped listening on port 52626
Dynamically enable window occlusion 1
console.error: (new Error("Data is not ready.", "resource://gre/modules/JSONFile.sys.mjs", 178))
1694064432232	geckodriver	INFO	Listening on 127.0.0.1:52905
1694064435313	mozrunner::runner	INFO	Running command: "C:\\Program Files (x86)\\Mozilla Firefox\\firefox.exe" "--marionette" "--remote-debugging-port" "52906" "--remote-allow-hosts" "localhost" "-no-remote" "-profile" "C:\\Users\\khiray\\AppData\\Local\\Temp\\rust_mozprofilewvHBD1"
console.warn: services.settings: Ignoring preference override of remote settings server
console.warn: services.settings: Allow by setting MOZ_REMOTE_SETTINGS_DEVTOOLS=1 in the environment
1694064435901	Marionette	INFO	Marionette enabled
Dynamically enable window occlusion 0
1694064436030	Marionette	INFO	Listening on port 52918
WebDriver BiDi listening on ws://127.0.0.1:52906
Read port: 52918
1694064436237	RemoteAgent	WARN	TLS certificate errors will be ignored for this session
DevTools listening on ws://127.0.0.1:52906/devtools/browser/ddf097b2-1939-4d8b-9995-b6f4d05066e0
console.error: ({})
JavaScript warning: https://pagead2.googlesyndication.com/bg/Uw2xNewqLMvs4rZz24Xmy1GvWBTM7qWVeNEZF5moV5c.js line 2 > eval line 354 > eval line 1 > eval line 1 > eval, line 1: WEBGL_debug_renderer_info is deprecated in Firefox and will be removed. Please use RENDERER.
1694064450478	Marionette	INFO	Stopped listening on port 52918
Dynamically enable window occlusion 1
1694064742476	geckodriver	INFO	Listening on 127.0.0.1:53571
1694064745562	mozrunner::runner	INFO	Running command: "C:\\Program Files (x86)\\Mozilla Firefox\\firefox.exe" "--marionette" "--remote-debugging-port" "53572" "--remote-allow-hosts" "localhost" "-no-remote" "-profile" "C:\\Users\\khiray\\AppData\\Local\\Temp\\rust_mozprofileydKKuO"
console.warn: services.settings: Ignoring preference override of remote settings server
console.warn: services.settings: Allow by setting MOZ_REMOTE_SETTINGS_DEVTOOLS=1 in the environment
1694064746165	Marionette	INFO	Marionette enabled
Dynamically enable window occlusion 0
1694064746293	Marionette	INFO	Listening on port 53583
WebDriver BiDi listening on ws://127.0.0.1:53572
Read port: 53583
1694064746486	RemoteAgent	WARN	TLS certificate errors will be ignored for this session
DevTools listening on ws://127.0.0.1:53572/devtools/browser/6e833e6e-6c74-4b54-809a-39a2f890492f
console.error: ({})
JavaScript warning: https://pagead2.googlesyndication.com/bg/Uw2xNewqLMvs4rZz24Xmy1GvWBTM7qWVeNEZF5moV5c.js line 2 > eval line 6194 > eval line 1 > eval line 1 > eval, line 1: WEBGL_debug_renderer_info is deprecated in Firefox and will be removed. Please use RENDERER.
console.warn: services.settings: Ignoring preference override of remote settings server
console.warn: services.settings: Allow by setting MOZ_REMOTE_SETTINGS_DEVTOOLS=1 in the environment
console.error: (new TypeError("lazy.AsyncShutdown.profileBeforeChange is undefined", "resource://services-settings/Database.sys.mjs", 593))
JavaScript error: resource:///modules/sessionstore/SessionStore.sys.mjs, line 2406: TypeError: subject.QueryInterface is not a function
JavaScript error: resource:///modules/sessionstore/SessionStore.sys.mjs, line 2406: TypeError: subject.QueryInterface is not a function
JavaScript error: resource:///modules/sessionstore/SessionStore.sys.mjs, line 2406: TypeError: subject.QueryInterface is not a function
JavaScript error: resource:///modules/sessionstore/SessionStore.sys.mjs, line 2406: TypeError: subject.QueryInterface is not a function
JavaScript error: resource:///modules/sessionstore/SessionStore.sys.mjs, line 2406: TypeError: subject.QueryInterface is not a function
A content process crashed and MOZ_CRASHREPORTER_SHUTDOWN is set, shutting down
1694064795799	Marionette	INFO	Stopped listening on port 53583
Dynamically enable window occlusion 1
A content process crashed and MOZ_CRASHREPORTER_SHUTDOWN is set, shutting down
A content process crashed and MOZ_CRASHREPORTER_SHUTDOWN is set, shutting down
A content process crashed and MOZ_CRASHREPORTER_SHUTDOWN is set, shutting down
Shutting down due to socket process crash.
[GFX1-]: CompositorBridgeChild receives IPC close with reason=AbnormalShutdown
A content process crashed and MOZ_CRASHREPORTER_SHUTDOWN is set, shutting down
JavaScript error: resource://gre/modules/AsyncShutdown.sys.mjs, line 573: AbortError: Actor 'Conduits' destroyed before query 'RunListener' was resolved
console.error: "Failed to fetch https://spocs.getpocket.com/user:" "NetworkError when attempting to fetch resource."
1694065756157	geckodriver	INFO	Listening on 127.0.0.1:55348
1694065759205	mozrunner::runner	INFO	Running command: "C:\\Program Files (x86)\\Mozilla Firefox\\firefox.exe" "--marionette" "--remote-debugging-port" "55349" "--remote-allow-hosts" "localhost" "-no-remote" "-profile" "C:\\Users\\khiray\\AppData\\Local\\Temp\\rust_mozprofilehNWsp4"
console.warn: services.settings: Ignoring preference override of remote settings server
console.warn: services.settings: Allow by setting MOZ_REMOTE_SETTINGS_DEVTOOLS=1 in the environment
1694065759783	Marionette	INFO	Marionette enabled
Dynamically enable window occlusion 0
1694065759899	Marionette	INFO	Listening on port 55362
WebDriver BiDi listening on ws://127.0.0.1:55349
Read port: 55362
1694065760023	RemoteAgent	WARN	TLS certificate errors will be ignored for this session
DevTools listening on ws://127.0.0.1:55349/devtools/browser/5c6b2ec8-74b2-4c2d-a8ac-97bf3b659ff7
1694065773132	Marionette	INFO	Stopped listening on port 55362
Dynamically enable window occlusion 1
1694066642751	geckodriver	INFO	Listening on 127.0.0.1:56871
1694066645793	mozrunner::runner	INFO	Running command: "C:\\Program Files (x86)\\Mozilla Firefox\\firefox.exe" "--marionette" "--remote-debugging-port" "56872" "--remote-allow-hosts" "localhost" "-no-remote" "-profile" "C:\\Users\\khiray\\AppData\\Local\\Temp\\rust_mozprofilepG76hM"
console.warn: services.settings: Ignoring preference override of remote settings server
console.warn: services.settings: Allow by setting MOZ_REMOTE_SETTINGS_DEVTOOLS=1 in the environment
1694066646371	Marionette	INFO	Marionette enabled
Dynamically enable window occlusion 0
1694066646502	Marionette	INFO	Listening on port 56886
WebDriver BiDi listening on ws://127.0.0.1:56872
Read port: 56886
1694066646715	RemoteAgent	WARN	TLS certificate errors will be ignored for this session
DevTools listening on ws://127.0.0.1:56872/devtools/browser/f1e55994-47e7-42fd-a276-dce4f8a46da2
console.warn: LoginRecipes: "Falling back to a synchronous message for: https://rahulshettyacademy.com."
JavaScript warning: https://pagead2.googlesyndication.com/bg/Uw2xNewqLMvs4rZz24Xmy1GvWBTM7qWVeNEZF5moV5c.js line 2 > eval line 465 > eval line 1 > eval line 1 > eval, line 1: WEBGL_debug_renderer_info is deprecated in Firefox and will be removed. Please use RENDERER.
1694067925424	Marionette	INFO	Stopped listening on port 56886
Dynamically enable window occlusion 1
ng command: "C:\\Program Files (x86)\\Mozilla Firefox\\firefox.exe" "--marionette" "--remote-debugging-port" "57104" "--remote-allow-hosts" "localhost" "-no-remote" "-profile" "C:\\Users\\khiray\\AppData\\Local\\Temp\\rust_mozprofileeiyc50"
console.warn: services.settings: Ignoring preference override of remote settings server
console.warn: services.settings: Allow by setting MOZ_REMOTE_SETTINGS_DEVTOOLS=1 in the environment
1694066763530	Marionette	INFO	Marionette enabled
Dynamically enable window occlusion 0
1694066763655	Marionette	INFO	Listening on port 57116
WebDriver BiDi listening on ws://127.0.0.1:57104
Read port: 57116
1694066763829	RemoteAgent	WARN	TLS certificate errors will be ignored for this session
DevTools listening on ws://127.0.0.1:57104/devtools/browser/958a0858-6cab-47fe-be57-632292084062
console.warn: LoginRecipes: "Falling back to a synchronous message for: https://rahulshettyacademy.com."
JavaScript warning: https://pagead2.googlesyndication.com/bg/Uw2xNewqLMvs4rZz24Xmy1GvWBTM7qWVeNEZF5moV5c.js line 2 > eval line 1016 > eval line 1 > eval line 1 > eval, line 1: WEBGL_debug_renderer_info is deprecated in Firefox and will be removed. Please use RENDERER.
1694067924398	Marionette	INFO	Stopped listening on port 57116
Dynamically enable window occlusion 1
ng command: "C:\\Program Files (x86)\\Mozilla Firefox\\firefox.exe" "--marionette" "--remote-debugging-port" "58408" "--remote-allow-hosts" "localhost" "-no-remote" "-profile" "C:\\Users\\khiray\\AppData\\Local\\Temp\\rust_mozprofileCXb19r"
console.warn: services.settings: Ignoring preference override of remote settings server
console.warn: services.settings: Allow by setting MOZ_REMOTE_SETTINGS_DEVTOOLS=1 in the environment
1694067528963	Marionette	INFO	Marionette enabled
Dynamically enable window occlusion 0
1694067529182	Marionette	INFO	Listening on port 58422
WebDriver BiDi listening on ws://127.0.0.1:58408
Read port: 58422
1694067529477	RemoteAgent	WARN	TLS certificate errors will be ignored for this session
DevTools listening on ws://127.0.0.1:58408/devtools/browser/97227386-190f-45ad-ade1-c7fb18f31942
console.warn: services.settings: Ignoring preference override of remote settings server
console.warn: services.settings: Allow by setting MOZ_REMOTE_SETTINGS_DEVTOOLS=1 in the environment
console.error: (new TypeError("lazy.AsyncShutdown.profileBeforeChange is undefined", "resource://services-settings/Database.sys.mjs", 593))
1694067761887	Marionette	INFO	Stopped listening on port 58422
Dynamically enable window occlusion 1
1694067902847	geckodriver	INFO	Listening on 127.0.0.1:58983
1694067905889	mozrunner::runner	INFO	Running command: "C:\\Program Files (x86)\\Mozilla Firefox\\firefox.exe" "--marionette" "--remote-debugging-port" "58984" "--remote-allow-hosts" "localhost" "-no-remote" "-profile" "C:\\Users\\khiray\\AppData\\Local\\Temp\\rust_mozprofile8R4cnP"
console.warn: services.settings: Ignoring preference override of remote settings server
console.warn: services.settings: Allow by setting MOZ_REMOTE_SETTINGS_DEVTOOLS=1 in the environment
1694067906479	Marionette	INFO	Marionette enabled
Dynamically enable window occlusion 0
1694067906619	Marionette	INFO	Listening on port 59000
WebDriver BiDi listening on ws://127.0.0.1:58984
Read port: 59000
1694067906820	RemoteAgent	WARN	TLS certificate errors will be ignored for this session
DevTools listening on ws://127.0.0.1:58984/devtools/browser/9d5babbe-30cf-498d-8809-5d79183f5593
console.warn: services.settings: Ignoring preference override of remote settings server
console.warn: services.settings: Allow by setting MOZ_REMOTE_SETTINGS_DEVTOOLS=1 in the environment
console.error: (new TypeError("lazy.AsyncShutdown.profileBeforeChange is undefined", "resource://services-settings/Database.sys.mjs", 593))
1694067922277	Marionette	INFO	Stopped listening on port 59000
Dynamically enable window occlusion 1
1694068629501	geckodriver	INFO	Listening on 127.0.0.1:60122
1694068632567	mozrunner::runner	INFO	Running command: "C:\\Program Files (x86)\\Mozilla Firefox\\firefox.exe" "--marionette" "--remote-debugging-port" "60123" "--remote-allow-hosts" "localhost" "-no-remote" "-profile" "C:\\Users\\khiray\\AppData\\Local\\Temp\\rust_mozprofilebSkEvq"
console.warn: services.settings: Ignoring preference override of remote settings server
console.warn: services.settings: Allow by setting MOZ_REMOTE_SETTINGS_DEVTOOLS=1 in the environment
1694068633144	Marionette	INFO	Marionette enabled
Dynamically enable window occlusion 0
1694068633283	Marionette	INFO	Listening on port 60135
WebDriver BiDi listening on ws://127.0.0.1:60123
Read port: 60135
1694068633481	RemoteAgent	WARN	TLS certificate errors will be ignored for this session
DevTools listening on ws://127.0.0.1:60123/devtools/browser/2a430f5d-6506-4c35-b62d-906a45ae33c0
console.error: ({})
JavaScript warning: https://pagead2.googlesyndication.com/bg/Uw2xNewqLMvs4rZz24Xmy1GvWBTM7qWVeNEZF5moV5c.js line 2 > eval line 5433 > eval line 1 > eval line 1 > eval, line 1: WEBGL_debug_renderer_info is deprecated in Firefox and will be removed. Please use RENDERER.
1694068643673	Marionette	INFO	Stopped listening on port 60135
Dynamically enable window occlusion 1
1694069994404	geckodriver	INFO	Listening on 127.0.0.1:62164
1694069997467	mozrunner::runner	INFO	Running command: "C:\\Program Files (x86)\\Mozilla Firefox\\firefox.exe" "--marionette" "--remote-debugging-port" "62165" "--remote-allow-hosts" "localhost" "-no-remote" "-profile" "C:\\Users\\khiray\\AppData\\Local\\Temp\\rust_mozprofile1f6aVp"
console.warn: services.settings: Ignoring preference override of remote settings server
console.warn: services.settings: Allow by setting MOZ_REMOTE_SETTINGS_DEVTOOLS=1 in the environment
1694069998021	Marionette	INFO	Marionette enabled
Dynamically enable window occlusion 0
1694069998156	Marionette	INFO	Listening on port 62184
WebDriver BiDi listening on ws://127.0.0.1:62165
Read port: 62184
1694069998303	RemoteAgent	WARN	TLS certificate errors will be ignored for this session
DevTools listening on ws://127.0.0.1:62165/devtools/browser/319297c1-09ed-48f8-8450-8c657c686213
1694070008048	Marionette	INFO	Stopped listening on port 62184
Dynamically enable window occlusion 1
1694083711102	geckodriver	INFO	Listening on 127.0.0.1:60391
1694083714165	mozrunner::runner	INFO	Running command: "C:\\Program Files (x86)\\Mozilla Firefox\\firefox.exe" "--marionette" "--remote-debugging-port" "60392" "--remote-allow-hosts" "localhost" "-no-remote" "-profile" "C:\\Users\\khiray\\AppData\\Local\\Temp\\rust_mozprofileaSzMMe"
console.warn: services.settings: Ignoring preference override of remote settings server
console.warn: services.settings: Allow by setting MOZ_REMOTE_SETTINGS_DEVTOOLS=1 in the environment
1694083715026	Marionette	INFO	Marionette enabled
Dynamically enable window occlusion 0
1694083715240	Marionette	INFO	Listening on port 60409
Read port: 
1694083715243	geckodriver::browser	WARN	Failed fo convert  to u16
WebDriver BiDi listening on ws://127.0.0.1:60392
Read port: 60409
1694083715577	RemoteAgent	WARN	TLS certificate errors will be ignored for this session
DevTools listening on ws://127.0.0.1:60392/devtools/browser/e2cee050-e916-476f-807c-d4b549fed585
1694083729469	Marionette	INFO	Stopped listening on port 60409
Dynamically enable window occlusion 1
console.error: (new Error("Data is not ready.", "resource://gre/modules/JSONFile.sys.mjs", 178))
1694083849664	geckodriver	INFO	Listening on 127.0.0.1:60624
1694083852755	mozrunner::runner	INFO	Running command: "C:\\Program Files (x86)\\Mozilla Firefox\\firefox.exe" "--marionette" "--remote-debugging-port" "60625" "--remote-allow-hosts" "localhost" "-no-remote" "-profile" "C:\\Users\\khiray\\AppData\\Local\\Temp\\rust_mozprofileALPZ4P"
console.warn: services.settings: Ignoring preference override of remote settings server
console.warn: services.settings: Allow by setting MOZ_REMOTE_SETTINGS_DEVTOOLS=1 in the environment
1694083853335	Marionette	INFO	Marionette enabled
Dynamically enable window occlusion 0
1694083853480	Marionette	INFO	Listening on port 60637
WebDriver BiDi listening on ws://127.0.0.1:60625
Read port: 60637
1694083853679	RemoteAgent	WARN	TLS certificate errors will be ignored for this session
DevTools listening on ws://127.0.0.1:60625/devtools/browser/5158b10e-20fd-4fb1-aede-f7efc459ba5e
1694083883118	Marionette	INFO	Stopped listening on port 60637
Dynamically enable window occlusion 1
1694083981749	geckodriver	INFO	Listening on 127.0.0.1:60833
1694083984797	mozrunner::runner	INFO	Running command: "C:\\Program Files (x86)\\Mozilla Firefox\\firefox.exe" "--marionette" "--remote-debugging-port" "60834" "--remote-allow-hosts" "localhost" "-no-remote" "-profile" "C:\\Users\\khiray\\AppData\\Local\\Temp\\rust_mozprofileuMYKnV"
console.warn: services.settings: Ignoring preference override of remote settings server
console.warn: services.settings: Allow by setting MOZ_REMOTE_SETTINGS_DEVTOOLS=1 in the environment
1694083985361	Marionette	INFO	Marionette enabled
Dynamically enable window occlusion 0
1694083985490	Marionette	INFO	Listening on port 60848
WebDriver BiDi listening on ws://127.0.0.1:60834
Read port: 60848
1694083985689	RemoteAgent	WARN	TLS certificate errors will be ignored for this session
DevTools listening on ws://127.0.0.1:60834/devtools/browser/05d5c020-b15c-4692-9e9d-a72924b400b6
console.warn: LoginRecipes: "Falling back to a synchronous message for: https://rahulshettyacademy.com."
console.warn: LoginRecipes: "Falling back to a synchronous message for: https://rahulshettyacademy.com."
console.warn: LoginRecipes: "Falling back to a synchronous message for: https://rahulshettyacademy.com."
1694086662506	Marionette	INFO	Stopped listening on port 60848
Dynamically enable window occlusion 1
!!! error running onStopped callback: TypeError: callback is not a function
1703525992388	geckodriver	INFO	Listening on 127.0.0.1:57938
1703525995472	mozrunner::runner	INFO	Running command: "C:\\Program Files (x86)\\Mozilla Firefox\\firefox.exe" "--marionette" "--remote-debugging-port" "57939" "--remote-allow-hosts" "localhost" "-no-remote" "-profile" "C:\\Users\\khiray\\AppData\\Local\\Temp\\rust_mozprofileMGTpJx"
console.warn: services.settings: Ignoring preference override of remote settings server
console.warn: services.settings: Allow by setting MOZ_REMOTE_SETTINGS_DEVTOOLS=1 in the environment
1703525996751	Marionette	INFO	Marionette enabled
Dynamically enable window occlusion 0
1703525996871	Marionette	INFO	Listening on port 57955
WebDriver BiDi listening on ws://127.0.0.1:57939
Read port: 57955
1703525997031	RemoteAgent	WARN	TLS certificate errors will be ignored for this session
DevTools listening on ws://127.0.0.1:57939/devtools/browser/c0169e0d-3546-4a9b-99bb-da75e2a099e6
console.warn: LoginRecipes: "Falling back to a synchronous message for: https://rahulshettyacademy.com."
1703526006036	Marionette	INFO	Stopped listening on port 57955
Dynamically enable window occlusion 1
1703592481280	geckodriver	INFO	Listening on 127.0.0.1:64300
1703592484351	mozrunner::runner	INFO	Running command: "C:\\Program Files (x86)\\Mozilla Firefox\\firefox.exe" "--marionette" "--remote-debugging-port" "64301" "--remote-allow-hosts" "localhost" "-no-remote" "-profile" "C:\\Users\\khiray\\AppData\\Local\\Temp\\rust_mozprofilerQlfw8"
console.warn: services.settings: Ignoring preference override of remote settings server
console.warn: services.settings: Allow by setting MOZ_REMOTE_SETTINGS_DEVTOOLS=1 in the environment
1703592485109	Marionette	INFO	Marionette enabled
Dynamically enable window occlusion 0
1703592485258	Marionette	INFO	Listening on port 64315
WebDriver BiDi listening on ws://127.0.0.1:64301
Read port: 64315
1703592485502	RemoteAgent	WARN	TLS certificate errors will be ignored for this session
DevTools listening on ws://127.0.0.1:64301/devtools/browser/6d4b7729-8262-485e-9099-4c419a1e4a31
1703592496876	Marionette	INFO	Stopped listening on port 64315
Dynamically enable window occlusion 1
JavaScript error: resource://gre/modules/AsyncShutdown.sys.mjs, line 573: OperationError: Could not move temporary file(C:\Users\khiray\AppData\Local\Temp\rust_mozprofilerQlfw8\sessionCheckpoints.json.tmp) to destination(C:\Users\khiray\AppData\Local\Temp\rust_mozprofilerQlfw8\sessionCheckpoints.json)
